[debug] [2019-11-11T04:49:10.231Z] ----------------------------------------------------------------------
[debug] [2019-11-11T04:49:10.236Z] Command:       /usr/bin/node /usr/bin/firebase emulators:start --only functions
[debug] [2019-11-11T04:49:10.236Z] CLI Version:   7.6.2
[debug] [2019-11-11T04:49:10.236Z] Platform:      linux
[debug] [2019-11-11T04:49:10.236Z] Node Version:  v10.16.3
[debug] [2019-11-11T04:49:10.289Z] Time:          Sun Nov 10 2019 22:49:10 GMT-0600 (GMT-06:00)
[debug] [2019-11-11T04:49:10.289Z] ----------------------------------------------------------------------
[debug] [2019-11-11T04:49:10.289Z] 
[info] i  Starting emulators: ["functions"]
[info] ✔  functions: Using node@10 from host.
[info] ✔  functions: Emulator started at http://localhost:5001
[info] i  functions: Watching "/home/marvin/Escritorio/Appland/ReactJS/floristeriaCRA/functions" for Cloud Functions...
[debug] [2019-11-11T04:49:10.734Z] [worker-~diagnostic~-48362c25-520f-485f-9575-d0dcaaeffc3b]: BUSY
[debug] [2019-11-11T04:49:11.201Z] [runtime-status] Functions runtime initialized. {"cwd":"/home/marvin/Escritorio/Appland/ReactJS/floristeriaCRA/functions","node_version":"10.16.3"}
[debug] [2019-11-11T04:49:11.204Z] [runtime-status] Disabled runtime features: undefined {}
[debug] [2019-11-11T04:49:11.243Z] [runtime-status] Resolved module firebase-admin {"declared":true,"installed":true,"version":"8.7.0","resolution":"/home/marvin/Escritorio/Appland/ReactJS/floristeriaCRA/node_modules/firebase-admin/lib/index.js"}
[debug] [2019-11-11T04:49:11.273Z] [runtime-status] Resolved module firebase-functions {"declared":true,"installed":true,"version":"3.3.0","resolution":"/home/marvin/Escritorio/Appland/ReactJS/floristeriaCRA/node_modules/firebase-functions/lib/index.js"}
[debug] [2019-11-11T04:49:14.676Z] [runtime-status] Found google-gax at /home/marvin/Escritorio/Appland/ReactJS/floristeriaCRA/node_modules/google-gax/build/src/index.js {}
[debug] [2019-11-11T04:49:14.677Z] [runtime-status] Outgoing network have been stubbed. [{"name":"http","status":"mocked"},{"name":"http","status":"mocked"},{"name":"https","status":"mocked"},{"name":"https","status":"mocked"},{"name":"net","status":"mocked"},{"name":"google-gax","status":"mocked"}]
[debug] [2019-11-11T04:49:15.217Z] [runtime-status] Checked functions.config() {"config":{}}
[debug] [2019-11-11T04:49:15.220Z] [runtime-status] Resolved module firebase-functions {"declared":true,"installed":true,"version":"3.3.0","resolution":"/home/marvin/Escritorio/Appland/ReactJS/floristeriaCRA/node_modules/firebase-functions/lib/index.js"}
[debug] [2019-11-11T04:49:15.227Z] [runtime-status] Resolved module firebase-admin {"declared":true,"installed":true,"version":"8.7.0","resolution":"/home/marvin/Escritorio/Appland/ReactJS/floristeriaCRA/node_modules/firebase-admin/lib/index.js"}
[debug] [2019-11-11T04:49:15.229Z] [runtime-status] Resolved module firebase-functions {"declared":true,"installed":true,"version":"3.3.0","resolution":"/home/marvin/Escritorio/Appland/ReactJS/floristeriaCRA/node_modules/firebase-functions/lib/index.js"}
[debug] [2019-11-11T04:49:15.773Z] [runtime-status] firebase-admin has been stubbed. {"adminResolution":{"declared":true,"installed":true,"version":"8.7.0","resolution":"/home/marvin/Escritorio/Appland/ReactJS/floristeriaCRA/node_modules/firebase-admin/lib/index.js"}}
[debug] [2019-11-11T04:49:16.024Z] [runtime-status] initializeApp(DEFAULT) {"databaseURL":"https://floristeria-cra.firebaseio.com","storageBucket":"floristeria-cra.appspot.com","projectId":"floristeria-cra","credential":{"certificate":{"projectId":"floristeria-cra","privateKey":"-----BEGIN PRIVATE KEY-----\nMIIEvQIBADANBgkqhkiG9w0BAQEFAASCBKcwggSjAgEAAoIBAQDSMnBL5wBiDgoP\nodN+qn55B2xXCzGslx0eTWm/f1XV/eLGipzhSSemkhRg7HMicLDfUfDbszfGsQlT\ncyoCVVKCFWd+R+KX8WtajvFdqKmkgQuyenP5HMebrkQEUxWSccgmsxiEl5O9ZoI/\nTc0LtjLEq/fI9s/hfJ1KE6syv3RP6yW2ZXxY4pgRnHs8xSFrtAZXkeAzO2U0PSB1\nTTyHxr2jCo3hqii74Nleu2Xhki3lnCuQGYM85wystvHoNu27fLyt8QlvDj+lSKHR\n9BFQI5Z1XL7J//nPt4GSS70qBux1WTSGHvPcL1v9Znrq2sj+5wzklModReESXbFq\niPoYf8t9AgMBAAECggEAB/wk3dVJf/AWe94YSaVETiF8HaBjZxWLnVqwROHig7TX\nn0gzu8vYzgkL0T9vkc7c5Miue7r/j18c3vi88tuhrtG4HbOxReJEw1zBGKZ2Ut/8\nUn3/l0oX+8VLzdZ5fl69m5JNlk01ytgUVgaE+yujU8CJT1mvkvbLaqEKGEJ8a3zx\n1zkc1qZaGv1MxnspD5/T3A25EBKL+u1dqO8210NN4LjulOwgcxjar87852ZoRjbn\nt1W2islxRVS9KPeRai+oe8DfUcsrw0GqWTsdTsFUgb72A0nRUT8XRCDeRAtbqUIz\nEtd6rj1GJ6v3V07e4ehnmvfX7bOQ26XPaStWHfw/lwKBgQD2Nv9CQYsBWBMm6NNG\nr9fHAuojzS5yyQMk+DjeiVf8srGlkNO0POPpwABpMSElmc7xLh/FBCTc3v4s/fDa\nPsUwHsRilS57qSf5qiqeHpWLawBzLwWaaDmWgNB4ywSZxA6oSW3riGerbjP7a3Ci\nbqvtejIcroz2ZBt5Cjbboe75DwKBgQDajP6VA9NK1l3LeFuhfhnk3cXNCx37eGd6\n71y5O4xtf1qbbWb7Bzy76OQUObCPz1nLXg1z7dJmIZIZ8Y0P3LFswTb5ApmzOcwM\nOQaVIl+ogFF0aGvq3C0PdrfjkXYxp+WWsVIhzlOHTu9T4F7WUWttZnpCJoPqIKGL\n6gPw1+H6swKBgQCCum7L0hspSodYuHQ9au4px51kBvRrk9ksjvM7DTd/f62dGAmg\nAFiO6xgMwj40RbdADVpm9C1SbMAOSYLRjlSKmTtykH0OwaDtCfH45IpIbTbe8Y+L\nDV3OUHTgPgMiVZvmtJ49Wb6ZojjNfJ1gUVzOCXyECBXmWP7RRKAd+5vz9wKBgEf0\nTckv9jvYcg8QdFKqGspgPcRxWZC2ppMyBXwy39wZJvKvRU12p4dSeO0zxS7D3NN5\nBsLZVQEtIlYKUiAb0Ap3XqsDMSlx6P1JNSKaq5XlkWvbCVTM4sUJmCeDd7+HgK5p\neRoKPTP6SA98epzjN5RQPgZTefD2h1lyVZPQ7+TDAoGAIX7LZGDVCgBLQ9IBvBmF\nyZcviRhyjxP88dDgGVNgGzwyZU/SS8VAxXhsSZOpu1CoEDLL3R1XeDoI701+k6Kq\niEkaWakSWKWBnuJoz6WZZ2SrxTmiDT2vCyY9YiSRHavfpuOVrOWZD2g1BVFfML5u\nkkGdejlGGMnHtyJAi/jktH4=\n-----END PRIVATE KEY-----\n","clientEmail":"firebase-adminsdk-pdx5g@floristeria-cra.iam.gserviceaccount.com"},"httpClient":{"retry":{"maxRetries":4,"statusCodes":[503],"ioErrorCodes":["ECONNRESET","ETIMEDOUT"],"backOffFactor":0.5,"maxDelayInMillis":60000}}}}
[warn] ⚠  functions: The Cloud Firestore emulator is not running, so calls to Firestore will affect production.
[info] ✔  functions[createProfile]: http function initialized (http://localhost:5001/floristeria-cra/us-central1/createProfile).
[info] ✔  functions[getProfile]: http function initialized (http://localhost:5001/floristeria-cra/us-central1/getProfile).
[info] ✔  functions[updateProfile]: http function initialized (http://localhost:5001/floristeria-cra/us-central1/updateProfile).
[info] ✔  functions[postAddress]: http function initialized (http://localhost:5001/floristeria-cra/us-central1/postAddress).
[info] ✔  functions[getAddresses]: http function initialized (http://localhost:5001/floristeria-cra/us-central1/getAddresses).
[info] ✔  functions[removeAddress]: http function initialized (http://localhost:5001/floristeria-cra/us-central1/removeAddress).
[info] ✔  functions[postType]: http function initialized (http://localhost:5001/floristeria-cra/us-central1/postType).
[info] ✔  functions[getTypes]: http function initialized (http://localhost:5001/floristeria-cra/us-central1/getTypes).
[info] ✔  functions[removeType]: http function initialized (http://localhost:5001/floristeria-cra/us-central1/removeType).
[info] ✔  All emulators started, it is now safe to connect.
[debug] [2019-11-11T04:49:16.709Z] [worker-~diagnostic~-48362c25-520f-485f-9575-d0dcaaeffc3b]: exited
[debug] [2019-11-11T04:49:16.709Z] [worker-~diagnostic~-48362c25-520f-485f-9575-d0dcaaeffc3b]: FINISHED
