[debug] [2019-12-09T20:08:13.055Z] ----------------------------------------------------------------------
[debug] [2019-12-09T20:08:13.058Z] Command:       /Users/mmatamoros/.nvm/versions/node/v10.16.0/bin/node /Users/mmatamoros/.nvm/versions/node/v10.16.0/bin/firebase emulators:start --only functions
[debug] [2019-12-09T20:08:13.058Z] CLI Version:   7.6.2
[debug] [2019-12-09T20:08:13.058Z] Platform:      darwin
[debug] [2019-12-09T20:08:13.058Z] Node Version:  v10.16.0
[debug] [2019-12-09T20:08:13.059Z] Time:          Mon Dec 09 2019 14:08:13 GMT-0600 (Central Standard Time)
[debug] [2019-12-09T20:08:13.059Z] ----------------------------------------------------------------------
[debug] [2019-12-09T20:08:13.060Z] 
[info] i  Starting emulators: ["functions"]
[info] ✔  functions: Using node@10 from host.
[info] ✔  functions: Emulator started at http://localhost:5001
[info] i  functions: Watching "/Users/mmatamoros/Documents/floristeria-cra/functions" for Cloud Functions...
[debug] [2019-12-09T20:08:13.414Z] [worker-~diagnostic~-467bd941-cd46-45f3-b752-d09fadf183d8]: BUSY
[debug] [2019-12-09T20:08:14.037Z] [runtime-status] Functions runtime initialized. {"cwd":"/Users/mmatamoros/Documents/floristeria-cra/functions","node_version":"10.16.0"}
[debug] [2019-12-09T20:08:14.041Z] [runtime-status] Disabled runtime features: undefined {}
[debug] [2019-12-09T20:08:14.044Z] [runtime-status] Resolved module firebase-admin {"declared":true,"installed":true,"version":"8.6.1","resolution":"/Users/mmatamoros/Documents/floristeria-cra/functions/node_modules/firebase-admin/lib/index.js"}
[debug] [2019-12-09T20:08:14.050Z] [runtime-status] Resolved module firebase-functions {"declared":true,"installed":true,"version":"3.3.0","resolution":"/Users/mmatamoros/Documents/floristeria-cra/functions/node_modules/firebase-functions/lib/index.js"}
[debug] [2019-12-09T20:08:14.382Z] [runtime-status] Found google-gax at /Users/mmatamoros/Documents/floristeria-cra/functions/node_modules/google-gax/build/src/index.js {}
[debug] [2019-12-09T20:08:14.383Z] [runtime-status] Outgoing network have been stubbed. [{"name":"http","status":"mocked"},{"name":"http","status":"mocked"},{"name":"https","status":"mocked"},{"name":"https","status":"mocked"},{"name":"net","status":"mocked"},{"name":"google-gax","status":"mocked"}]
[debug] [2019-12-09T20:08:14.449Z] [runtime-status] Checked functions.config() {"config":{}}
[debug] [2019-12-09T20:08:14.450Z] [runtime-status] Resolved module firebase-functions {"declared":true,"installed":true,"version":"3.3.0","resolution":"/Users/mmatamoros/Documents/floristeria-cra/functions/node_modules/firebase-functions/lib/index.js"}
[debug] [2019-12-09T20:08:14.452Z] [runtime-status] Resolved module firebase-admin {"declared":true,"installed":true,"version":"8.6.1","resolution":"/Users/mmatamoros/Documents/floristeria-cra/functions/node_modules/firebase-admin/lib/index.js"}
[debug] [2019-12-09T20:08:14.452Z] [runtime-status] Resolved module firebase-functions {"declared":true,"installed":true,"version":"3.3.0","resolution":"/Users/mmatamoros/Documents/floristeria-cra/functions/node_modules/firebase-functions/lib/index.js"}
[debug] [2019-12-09T20:08:14.491Z] [runtime-status] firebase-admin has been stubbed. {"adminResolution":{"declared":true,"installed":true,"version":"8.6.1","resolution":"/Users/mmatamoros/Documents/floristeria-cra/functions/node_modules/firebase-admin/lib/index.js"}}
[debug] [2019-12-09T20:08:14.571Z] [runtime-status] initializeApp(DEFAULT) {"databaseURL":"https://floristeria-cra.firebaseio.com","storageBucket":"floristeria-cra.appspot.com","projectId":"floristeria-cra","credential":{"certificate":{"projectId":"floristeria-cra","privateKey":"-----BEGIN PRIVATE KEY-----\nMIIEvQIBADANBgkqhkiG9w0BAQEFAASCBKcwggSjAgEAAoIBAQDSMnBL5wBiDgoP\nodN+qn55B2xXCzGslx0eTWm/f1XV/eLGipzhSSemkhRg7HMicLDfUfDbszfGsQlT\ncyoCVVKCFWd+R+KX8WtajvFdqKmkgQuyenP5HMebrkQEUxWSccgmsxiEl5O9ZoI/\nTc0LtjLEq/fI9s/hfJ1KE6syv3RP6yW2ZXxY4pgRnHs8xSFrtAZXkeAzO2U0PSB1\nTTyHxr2jCo3hqii74Nleu2Xhki3lnCuQGYM85wystvHoNu27fLyt8QlvDj+lSKHR\n9BFQI5Z1XL7J//nPt4GSS70qBux1WTSGHvPcL1v9Znrq2sj+5wzklModReESXbFq\niPoYf8t9AgMBAAECggEAB/wk3dVJf/AWe94YSaVETiF8HaBjZxWLnVqwROHig7TX\nn0gzu8vYzgkL0T9vkc7c5Miue7r/j18c3vi88tuhrtG4HbOxReJEw1zBGKZ2Ut/8\nUn3/l0oX+8VLzdZ5fl69m5JNlk01ytgUVgaE+yujU8CJT1mvkvbLaqEKGEJ8a3zx\n1zkc1qZaGv1MxnspD5/T3A25EBKL+u1dqO8210NN4LjulOwgcxjar87852ZoRjbn\nt1W2islxRVS9KPeRai+oe8DfUcsrw0GqWTsdTsFUgb72A0nRUT8XRCDeRAtbqUIz\nEtd6rj1GJ6v3V07e4ehnmvfX7bOQ26XPaStWHfw/lwKBgQD2Nv9CQYsBWBMm6NNG\nr9fHAuojzS5yyQMk+DjeiVf8srGlkNO0POPpwABpMSElmc7xLh/FBCTc3v4s/fDa\nPsUwHsRilS57qSf5qiqeHpWLawBzLwWaaDmWgNB4ywSZxA6oSW3riGerbjP7a3Ci\nbqvtejIcroz2ZBt5Cjbboe75DwKBgQDajP6VA9NK1l3LeFuhfhnk3cXNCx37eGd6\n71y5O4xtf1qbbWb7Bzy76OQUObCPz1nLXg1z7dJmIZIZ8Y0P3LFswTb5ApmzOcwM\nOQaVIl+ogFF0aGvq3C0PdrfjkXYxp+WWsVIhzlOHTu9T4F7WUWttZnpCJoPqIKGL\n6gPw1+H6swKBgQCCum7L0hspSodYuHQ9au4px51kBvRrk9ksjvM7DTd/f62dGAmg\nAFiO6xgMwj40RbdADVpm9C1SbMAOSYLRjlSKmTtykH0OwaDtCfH45IpIbTbe8Y+L\nDV3OUHTgPgMiVZvmtJ49Wb6ZojjNfJ1gUVzOCXyECBXmWP7RRKAd+5vz9wKBgEf0\nTckv9jvYcg8QdFKqGspgPcRxWZC2ppMyBXwy39wZJvKvRU12p4dSeO0zxS7D3NN5\nBsLZVQEtIlYKUiAb0Ap3XqsDMSlx6P1JNSKaq5XlkWvbCVTM4sUJmCeDd7+HgK5p\neRoKPTP6SA98epzjN5RQPgZTefD2h1lyVZPQ7+TDAoGAIX7LZGDVCgBLQ9IBvBmF\nyZcviRhyjxP88dDgGVNgGzwyZU/SS8VAxXhsSZOpu1CoEDLL3R1XeDoI701+k6Kq\niEkaWakSWKWBnuJoz6WZZ2SrxTmiDT2vCyY9YiSRHavfpuOVrOWZD2g1BVFfML5u\nkkGdejlGGMnHtyJAi/jktH4=\n-----END PRIVATE KEY-----\n","clientEmail":"firebase-adminsdk-pdx5g@floristeria-cra.iam.gserviceaccount.com"},"httpClient":{"retry":{"maxRetries":4,"statusCodes":[503],"ioErrorCodes":["ECONNRESET","ETIMEDOUT"],"backOffFactor":0.5,"maxDelayInMillis":60000}}}}
[warn] ⚠  functions: The Cloud Firestore emulator is not running, so calls to Firestore will affect production.
[info] ✔  functions[createProfile]: http function initialized (http://localhost:5001/floristeria-cra/us-central1/createProfile).
[info] ✔  functions[getProfile]: http function initialized (http://localhost:5001/floristeria-cra/us-central1/getProfile).
[info] ✔  functions[updateProfile]: http function initialized (http://localhost:5001/floristeria-cra/us-central1/updateProfile).
[info] ✔  functions[postAddress]: http function initialized (http://localhost:5001/floristeria-cra/us-central1/postAddress).
[info] ✔  functions[getAddresses]: http function initialized (http://localhost:5001/floristeria-cra/us-central1/getAddresses).
[info] ✔  functions[removeAddress]: http function initialized (http://localhost:5001/floristeria-cra/us-central1/removeAddress).
[info] ✔  functions[postType]: http function initialized (http://localhost:5001/floristeria-cra/us-central1/postType).
[info] ✔  functions[getTypes]: http function initialized (http://localhost:5001/floristeria-cra/us-central1/getTypes).
[info] ✔  functions[removeType]: http function initialized (http://localhost:5001/floristeria-cra/us-central1/removeType).
[info] ✔  functions[postCoupon]: http function initialized (http://localhost:5001/floristeria-cra/us-central1/postCoupon).
[info] ✔  functions[getCoupons]: http function initialized (http://localhost:5001/floristeria-cra/us-central1/getCoupons).
[info] ✔  functions[removeCoupons]: http function initialized (http://localhost:5001/floristeria-cra/us-central1/removeCoupons).
[info] ✔  All emulators started, it is now safe to connect.
[debug] [2019-12-09T20:08:14.685Z] [worker-~diagnostic~-467bd941-cd46-45f3-b752-d09fadf183d8]: exited
[debug] [2019-12-09T20:08:14.686Z] [worker-~diagnostic~-467bd941-cd46-45f3-b752-d09fadf183d8]: FINISHED
[debug] [2019-12-09T20:09:26.607Z] Accepted request POST /floristeria-cra/us-central1/getTypes --> getTypes
[debug] [2019-12-09T20:09:26.616Z] [worker-getTypes-6803577b-60ed-43d8-99b2-2b3ffc437b25]: BUSY
[debug] [2019-12-09T20:09:27.535Z] [runtime-status] Functions runtime initialized. {"cwd":"/Users/mmatamoros/Documents/floristeria-cra/functions","node_version":"10.16.0"}
[debug] [2019-12-09T20:09:27.538Z] [runtime-status] Disabled runtime features: undefined {}
[debug] [2019-12-09T20:09:27.540Z] [runtime-status] Resolved module firebase-admin {"declared":true,"installed":true,"version":"8.6.1","resolution":"/Users/mmatamoros/Documents/floristeria-cra/functions/node_modules/firebase-admin/lib/index.js"}
[debug] [2019-12-09T20:09:27.543Z] [runtime-status] Resolved module firebase-functions {"declared":true,"installed":true,"version":"3.3.0","resolution":"/Users/mmatamoros/Documents/floristeria-cra/functions/node_modules/firebase-functions/lib/index.js"}
[debug] [2019-12-09T20:09:27.798Z] [runtime-status] Found google-gax at /Users/mmatamoros/Documents/floristeria-cra/functions/node_modules/google-gax/build/src/index.js {}
[debug] [2019-12-09T20:09:27.799Z] [runtime-status] Outgoing network have been stubbed. [{"name":"http","status":"mocked"},{"name":"http","status":"mocked"},{"name":"https","status":"mocked"},{"name":"https","status":"mocked"},{"name":"net","status":"mocked"},{"name":"google-gax","status":"mocked"}]
[debug] [2019-12-09T20:09:27.856Z] [runtime-status] Checked functions.config() {"config":{}}
[debug] [2019-12-09T20:09:27.857Z] [runtime-status] Resolved module firebase-functions {"declared":true,"installed":true,"version":"3.3.0","resolution":"/Users/mmatamoros/Documents/floristeria-cra/functions/node_modules/firebase-functions/lib/index.js"}
[debug] [2019-12-09T20:09:27.858Z] [runtime-status] Resolved module firebase-admin {"declared":true,"installed":true,"version":"8.6.1","resolution":"/Users/mmatamoros/Documents/floristeria-cra/functions/node_modules/firebase-admin/lib/index.js"}
[debug] [2019-12-09T20:09:27.858Z] [runtime-status] Resolved module firebase-functions {"declared":true,"installed":true,"version":"3.3.0","resolution":"/Users/mmatamoros/Documents/floristeria-cra/functions/node_modules/firebase-functions/lib/index.js"}
[debug] [2019-12-09T20:09:27.897Z] [runtime-status] firebase-admin has been stubbed. {"adminResolution":{"declared":true,"installed":true,"version":"8.6.1","resolution":"/Users/mmatamoros/Documents/floristeria-cra/functions/node_modules/firebase-admin/lib/index.js"}}
[debug] [2019-12-09T20:09:27.970Z] [runtime-status] initializeApp(DEFAULT) {"databaseURL":"https://floristeria-cra.firebaseio.com","storageBucket":"floristeria-cra.appspot.com","projectId":"floristeria-cra","credential":{"certificate":{"projectId":"floristeria-cra","privateKey":"-----BEGIN PRIVATE KEY-----\nMIIEvQIBADANBgkqhkiG9w0BAQEFAASCBKcwggSjAgEAAoIBAQDSMnBL5wBiDgoP\nodN+qn55B2xXCzGslx0eTWm/f1XV/eLGipzhSSemkhRg7HMicLDfUfDbszfGsQlT\ncyoCVVKCFWd+R+KX8WtajvFdqKmkgQuyenP5HMebrkQEUxWSccgmsxiEl5O9ZoI/\nTc0LtjLEq/fI9s/hfJ1KE6syv3RP6yW2ZXxY4pgRnHs8xSFrtAZXkeAzO2U0PSB1\nTTyHxr2jCo3hqii74Nleu2Xhki3lnCuQGYM85wystvHoNu27fLyt8QlvDj+lSKHR\n9BFQI5Z1XL7J//nPt4GSS70qBux1WTSGHvPcL1v9Znrq2sj+5wzklModReESXbFq\niPoYf8t9AgMBAAECggEAB/wk3dVJf/AWe94YSaVETiF8HaBjZxWLnVqwROHig7TX\nn0gzu8vYzgkL0T9vkc7c5Miue7r/j18c3vi88tuhrtG4HbOxReJEw1zBGKZ2Ut/8\nUn3/l0oX+8VLzdZ5fl69m5JNlk01ytgUVgaE+yujU8CJT1mvkvbLaqEKGEJ8a3zx\n1zkc1qZaGv1MxnspD5/T3A25EBKL+u1dqO8210NN4LjulOwgcxjar87852ZoRjbn\nt1W2islxRVS9KPeRai+oe8DfUcsrw0GqWTsdTsFUgb72A0nRUT8XRCDeRAtbqUIz\nEtd6rj1GJ6v3V07e4ehnmvfX7bOQ26XPaStWHfw/lwKBgQD2Nv9CQYsBWBMm6NNG\nr9fHAuojzS5yyQMk+DjeiVf8srGlkNO0POPpwABpMSElmc7xLh/FBCTc3v4s/fDa\nPsUwHsRilS57qSf5qiqeHpWLawBzLwWaaDmWgNB4ywSZxA6oSW3riGerbjP7a3Ci\nbqvtejIcroz2ZBt5Cjbboe75DwKBgQDajP6VA9NK1l3LeFuhfhnk3cXNCx37eGd6\n71y5O4xtf1qbbWb7Bzy76OQUObCPz1nLXg1z7dJmIZIZ8Y0P3LFswTb5ApmzOcwM\nOQaVIl+ogFF0aGvq3C0PdrfjkXYxp+WWsVIhzlOHTu9T4F7WUWttZnpCJoPqIKGL\n6gPw1+H6swKBgQCCum7L0hspSodYuHQ9au4px51kBvRrk9ksjvM7DTd/f62dGAmg\nAFiO6xgMwj40RbdADVpm9C1SbMAOSYLRjlSKmTtykH0OwaDtCfH45IpIbTbe8Y+L\nDV3OUHTgPgMiVZvmtJ49Wb6ZojjNfJ1gUVzOCXyECBXmWP7RRKAd+5vz9wKBgEf0\nTckv9jvYcg8QdFKqGspgPcRxWZC2ppMyBXwy39wZJvKvRU12p4dSeO0zxS7D3NN5\nBsLZVQEtIlYKUiAb0Ap3XqsDMSlx6P1JNSKaq5XlkWvbCVTM4sUJmCeDd7+HgK5p\neRoKPTP6SA98epzjN5RQPgZTefD2h1lyVZPQ7+TDAoGAIX7LZGDVCgBLQ9IBvBmF\nyZcviRhyjxP88dDgGVNgGzwyZU/SS8VAxXhsSZOpu1CoEDLL3R1XeDoI701+k6Kq\niEkaWakSWKWBnuJoz6WZZ2SrxTmiDT2vCyY9YiSRHavfpuOVrOWZD2g1BVFfML5u\nkkGdejlGGMnHtyJAi/jktH4=\n-----END PRIVATE KEY-----\n","clientEmail":"firebase-adminsdk-pdx5g@floristeria-cra.iam.gserviceaccount.com"},"httpClient":{"retry":{"maxRetries":4,"statusCodes":[503],"ioErrorCodes":["ECONNRESET","ETIMEDOUT"],"backOffFactor":0.5,"maxDelayInMillis":60000}}}}
[warn] ⚠  functions: The Cloud Firestore emulator is not running, so calls to Firestore will affect production.
[debug] [2019-12-09T20:09:28.040Z] [runtime-status] Trigger "getTypes" has been found, beginning invocation! {}
[info] i  functions: Beginning execution of "getTypes"
[debug] [2019-12-09T20:09:28.040Z] [runtime-status]  {"httpsTrigger":{},"name":"getTypes","entryPoint":"getTypes"}
[debug] [2019-12-09T20:09:28.041Z] [runtime-status] Running getTypes in mode HTTPS {}
[debug] [2019-12-09T20:09:28.048Z] {"socketPath":"/var/folders/_2/83l1l2991dd8tdy22qn7k_dr0000gn/T/firebase_emulator_invocation_75215.sock"}
[debug] [2019-12-09T20:09:28.050Z] [functions] Runtime ready! Sending request! {"socketPath":"/var/folders/_2/83l1l2991dd8tdy22qn7k_dr0000gn/T/firebase_emulator_invocation_75215.sock"}
[debug] [2019-12-09T20:09:28.061Z] [runtime-status] Ephemeral server used! {}
[debug] [2019-12-09T20:09:28.213Z] [runtime-status] Ephemeral server survived. {}
[warn] ⚠  Google API requested!
   - URL: "https://www.googleapis.com/oauth2/v4/token"
   - Be careful, this may be a production service.
[info] i  functions: Finished "getTypes" in ~1s
[debug] [2019-12-09T20:09:29.613Z] [worker-getTypes-6803577b-60ed-43d8-99b2-2b3ffc437b25]: IDLE
[debug] [2019-12-09T20:11:51.154Z] Accepted request POST /floristeria-cra/us-central1/getTypes --> getTypes
[debug] [2019-12-09T20:11:51.154Z] [worker-getTypes-6803577b-60ed-43d8-99b2-2b3ffc437b25]: BUSY
[debug] [2019-12-09T20:11:51.157Z] [runtime-status] Trigger "getTypes" has been found, beginning invocation! {}
[info] i  functions: Beginning execution of "getTypes"
[debug] [2019-12-09T20:11:51.157Z] [runtime-status]  {"httpsTrigger":{},"name":"getTypes","entryPoint":"getTypes"}
[debug] [2019-12-09T20:11:51.158Z] [runtime-status] Running getTypes in mode HTTPS {}
[debug] [2019-12-09T20:11:51.168Z] {"socketPath":"/var/folders/_2/83l1l2991dd8tdy22qn7k_dr0000gn/T/firebase_emulator_invocation_75215.sock"}
[debug] [2019-12-09T20:11:51.170Z] [functions] Runtime ready! Sending request! {"socketPath":"/var/folders/_2/83l1l2991dd8tdy22qn7k_dr0000gn/T/firebase_emulator_invocation_75215.sock"}
[debug] [2019-12-09T20:11:51.180Z] [runtime-status] Ephemeral server used! {}
[debug] [2019-12-09T20:11:51.181Z] [runtime-status] Ephemeral server survived. {}
[info] i  functions: Finished "getTypes" in ~1s
[debug] [2019-12-09T20:11:51.917Z] [worker-getTypes-6803577b-60ed-43d8-99b2-2b3ffc437b25]: IDLE
[debug] [2019-12-09T20:12:01.609Z] Accepted request POST /floristeria-cra/us-central1/getTypes --> getTypes
[debug] [2019-12-09T20:12:01.609Z] [worker-getTypes-6803577b-60ed-43d8-99b2-2b3ffc437b25]: BUSY
[debug] [2019-12-09T20:12:01.609Z] [runtime-status] Trigger "getTypes" has been found, beginning invocation! {}
[info] i  functions: Beginning execution of "getTypes"
[debug] [2019-12-09T20:12:01.611Z] [runtime-status]  {"httpsTrigger":{},"name":"getTypes","entryPoint":"getTypes"}
[debug] [2019-12-09T20:12:01.611Z] [runtime-status] Running getTypes in mode HTTPS {}
[debug] [2019-12-09T20:12:02.931Z] {"socketPath":"/var/folders/_2/83l1l2991dd8tdy22qn7k_dr0000gn/T/firebase_emulator_invocation_75215.sock"}
[debug] [2019-12-09T20:12:02.933Z] [functions] Runtime ready! Sending request! {"socketPath":"/var/folders/_2/83l1l2991dd8tdy22qn7k_dr0000gn/T/firebase_emulator_invocation_75215.sock"}
[debug] [2019-12-09T20:12:02.937Z] [runtime-status] Ephemeral server used! {}
[debug] [2019-12-09T20:12:02.937Z] [runtime-status] Ephemeral server survived. {}
[info] i  functions: Finished "getTypes" in ~2s
[debug] [2019-12-09T20:12:04.119Z] [worker-getTypes-6803577b-60ed-43d8-99b2-2b3ffc437b25]: IDLE
[debug] [2019-12-09T20:12:19.267Z] Accepted request POST /floristeria-cra/us-central1/getTypes --> getTypes
[debug] [2019-12-09T20:12:19.267Z] [worker-getTypes-6803577b-60ed-43d8-99b2-2b3ffc437b25]: BUSY
[debug] [2019-12-09T20:12:19.268Z] [runtime-status] Trigger "getTypes" has been found, beginning invocation! {}
[info] i  functions: Beginning execution of "getTypes"
[debug] [2019-12-09T20:12:19.268Z] [runtime-status]  {"httpsTrigger":{},"name":"getTypes","entryPoint":"getTypes"}
[debug] [2019-12-09T20:12:19.268Z] [runtime-status] Running getTypes in mode HTTPS {}
[debug] [2019-12-09T20:12:19.269Z] {"socketPath":"/var/folders/_2/83l1l2991dd8tdy22qn7k_dr0000gn/T/firebase_emulator_invocation_75215.sock"}
[debug] [2019-12-09T20:12:19.271Z] [functions] Runtime ready! Sending request! {"socketPath":"/var/folders/_2/83l1l2991dd8tdy22qn7k_dr0000gn/T/firebase_emulator_invocation_75215.sock"}
[debug] [2019-12-09T20:12:19.275Z] [runtime-status] Ephemeral server used! {}
[debug] [2019-12-09T20:12:19.276Z] [runtime-status] Ephemeral server survived. {}
[info] i  functions: Finished "getTypes" in ~1s
[debug] [2019-12-09T20:12:19.635Z] [worker-getTypes-6803577b-60ed-43d8-99b2-2b3ffc437b25]: IDLE
[debug] [2019-12-09T20:14:27.500Z] Accepted request POST /floristeria-cra/us-central1/getTypes --> getTypes
[debug] [2019-12-09T20:14:27.501Z] [worker-getTypes-6803577b-60ed-43d8-99b2-2b3ffc437b25]: BUSY
[debug] [2019-12-09T20:14:27.503Z] [runtime-status] Trigger "getTypes" has been found, beginning invocation! {}
[info] i  functions: Beginning execution of "getTypes"
[debug] [2019-12-09T20:14:27.505Z] [runtime-status]  {"httpsTrigger":{},"name":"getTypes","entryPoint":"getTypes"}
[debug] [2019-12-09T20:14:27.505Z] [runtime-status] Running getTypes in mode HTTPS {}
[debug] [2019-12-09T20:14:27.505Z] {"socketPath":"/var/folders/_2/83l1l2991dd8tdy22qn7k_dr0000gn/T/firebase_emulator_invocation_75215.sock"}
[debug] [2019-12-09T20:14:27.507Z] [functions] Runtime ready! Sending request! {"socketPath":"/var/folders/_2/83l1l2991dd8tdy22qn7k_dr0000gn/T/firebase_emulator_invocation_75215.sock"}
[debug] [2019-12-09T20:14:27.513Z] [runtime-status] Ephemeral server used! {}
[debug] [2019-12-09T20:14:27.514Z] [runtime-status] Ephemeral server survived. {}
[warn] ⚠  functions: Your function timed out after ~60s. To configure this timeout, see
      https://firebase.google.com/docs/functions/manage-functions#set_timeout_and_memory_allocation.
[info] >  /Users/mmatamoros/.nvm/versions/node/v10.16.0/lib/node_modules/firebase-tools/lib/emulator/functionsEmulatorRuntime.js:661
[info] >                  throw new Error("Function timed out.");
[info] >                  ^
[info] >  
[info] >  Error: Function timed out.
[info] >      at Timeout.setTimeout [as _onTimeout] (/Users/mmatamoros/.nvm/versions/node/v10.16.0/lib/node_modules/firebase-tools/lib/emulator/functionsEmulatorRuntime.js:661:23)
[info] >      at ontimeout (timers.js:436:11)
[info] >      at tryOnTimeout (timers.js:300:5)
[info] >      at listOnTimeout (timers.js:263:5)
[info] >      at Timer.processTimers (timers.js:223:10)
[debug] [2019-12-09T20:15:27.519Z] [worker-getTypes-6803577b-60ed-43d8-99b2-2b3ffc437b25]: exited
[debug] [2019-12-09T20:15:27.519Z] [worker-getTypes-6803577b-60ed-43d8-99b2-2b3ffc437b25]: FINISHED
[debug] [2019-12-09T20:16:02.278Z] Accepted request POST /floristeria-cra/us-central1/getTypes --> getTypes
[debug] [2019-12-09T20:16:02.286Z] [worker-getTypes-f7be4a38-78e7-4ce0-8921-37ae5be65939]: BUSY
[debug] [2019-12-09T20:16:02.752Z] [runtime-status] Functions runtime initialized. {"cwd":"/Users/mmatamoros/Documents/floristeria-cra/functions","node_version":"10.16.0"}
[debug] [2019-12-09T20:16:02.755Z] [runtime-status] Disabled runtime features: undefined {}
[debug] [2019-12-09T20:16:02.758Z] [runtime-status] Resolved module firebase-admin {"declared":true,"installed":true,"version":"8.6.1","resolution":"/Users/mmatamoros/Documents/floristeria-cra/functions/node_modules/firebase-admin/lib/index.js"}
[debug] [2019-12-09T20:16:02.759Z] [runtime-status] Resolved module firebase-functions {"declared":true,"installed":true,"version":"3.3.0","resolution":"/Users/mmatamoros/Documents/floristeria-cra/functions/node_modules/firebase-functions/lib/index.js"}
[debug] [2019-12-09T20:16:03.002Z] [runtime-status] Found google-gax at /Users/mmatamoros/Documents/floristeria-cra/functions/node_modules/google-gax/build/src/index.js {}
[debug] [2019-12-09T20:16:03.003Z] [runtime-status] Outgoing network have been stubbed. [{"name":"http","status":"mocked"},{"name":"http","status":"mocked"},{"name":"https","status":"mocked"},{"name":"https","status":"mocked"},{"name":"net","status":"mocked"},{"name":"google-gax","status":"mocked"}]
[debug] [2019-12-09T20:16:03.057Z] [runtime-status] Checked functions.config() {"config":{}}
[debug] [2019-12-09T20:16:03.058Z] [runtime-status] Resolved module firebase-functions {"declared":true,"installed":true,"version":"3.3.0","resolution":"/Users/mmatamoros/Documents/floristeria-cra/functions/node_modules/firebase-functions/lib/index.js"}
[debug] [2019-12-09T20:16:03.060Z] [runtime-status] Resolved module firebase-admin {"declared":true,"installed":true,"version":"8.6.1","resolution":"/Users/mmatamoros/Documents/floristeria-cra/functions/node_modules/firebase-admin/lib/index.js"}
[debug] [2019-12-09T20:16:03.060Z] [runtime-status] Resolved module firebase-functions {"declared":true,"installed":true,"version":"3.3.0","resolution":"/Users/mmatamoros/Documents/floristeria-cra/functions/node_modules/firebase-functions/lib/index.js"}
[debug] [2019-12-09T20:16:03.106Z] [runtime-status] firebase-admin has been stubbed. {"adminResolution":{"declared":true,"installed":true,"version":"8.6.1","resolution":"/Users/mmatamoros/Documents/floristeria-cra/functions/node_modules/firebase-admin/lib/index.js"}}
[debug] [2019-12-09T20:16:03.171Z] [runtime-status] initializeApp(DEFAULT) {"databaseURL":"https://floristeria-cra.firebaseio.com","storageBucket":"floristeria-cra.appspot.com","projectId":"floristeria-cra","credential":{"certificate":{"projectId":"floristeria-cra","privateKey":"-----BEGIN PRIVATE KEY-----\nMIIEvQIBADANBgkqhkiG9w0BAQEFAASCBKcwggSjAgEAAoIBAQDSMnBL5wBiDgoP\nodN+qn55B2xXCzGslx0eTWm/f1XV/eLGipzhSSemkhRg7HMicLDfUfDbszfGsQlT\ncyoCVVKCFWd+R+KX8WtajvFdqKmkgQuyenP5HMebrkQEUxWSccgmsxiEl5O9ZoI/\nTc0LtjLEq/fI9s/hfJ1KE6syv3RP6yW2ZXxY4pgRnHs8xSFrtAZXkeAzO2U0PSB1\nTTyHxr2jCo3hqii74Nleu2Xhki3lnCuQGYM85wystvHoNu27fLyt8QlvDj+lSKHR\n9BFQI5Z1XL7J//nPt4GSS70qBux1WTSGHvPcL1v9Znrq2sj+5wzklModReESXbFq\niPoYf8t9AgMBAAECggEAB/wk3dVJf/AWe94YSaVETiF8HaBjZxWLnVqwROHig7TX\nn0gzu8vYzgkL0T9vkc7c5Miue7r/j18c3vi88tuhrtG4HbOxReJEw1zBGKZ2Ut/8\nUn3/l0oX+8VLzdZ5fl69m5JNlk01ytgUVgaE+yujU8CJT1mvkvbLaqEKGEJ8a3zx\n1zkc1qZaGv1MxnspD5/T3A25EBKL+u1dqO8210NN4LjulOwgcxjar87852ZoRjbn\nt1W2islxRVS9KPeRai+oe8DfUcsrw0GqWTsdTsFUgb72A0nRUT8XRCDeRAtbqUIz\nEtd6rj1GJ6v3V07e4ehnmvfX7bOQ26XPaStWHfw/lwKBgQD2Nv9CQYsBWBMm6NNG\nr9fHAuojzS5yyQMk+DjeiVf8srGlkNO0POPpwABpMSElmc7xLh/FBCTc3v4s/fDa\nPsUwHsRilS57qSf5qiqeHpWLawBzLwWaaDmWgNB4ywSZxA6oSW3riGerbjP7a3Ci\nbqvtejIcroz2ZBt5Cjbboe75DwKBgQDajP6VA9NK1l3LeFuhfhnk3cXNCx37eGd6\n71y5O4xtf1qbbWb7Bzy76OQUObCPz1nLXg1z7dJmIZIZ8Y0P3LFswTb5ApmzOcwM\nOQaVIl+ogFF0aGvq3C0PdrfjkXYxp+WWsVIhzlOHTu9T4F7WUWttZnpCJoPqIKGL\n6gPw1+H6swKBgQCCum7L0hspSodYuHQ9au4px51kBvRrk9ksjvM7DTd/f62dGAmg\nAFiO6xgMwj40RbdADVpm9C1SbMAOSYLRjlSKmTtykH0OwaDtCfH45IpIbTbe8Y+L\nDV3OUHTgPgMiVZvmtJ49Wb6ZojjNfJ1gUVzOCXyECBXmWP7RRKAd+5vz9wKBgEf0\nTckv9jvYcg8QdFKqGspgPcRxWZC2ppMyBXwy39wZJvKvRU12p4dSeO0zxS7D3NN5\nBsLZVQEtIlYKUiAb0Ap3XqsDMSlx6P1JNSKaq5XlkWvbCVTM4sUJmCeDd7+HgK5p\neRoKPTP6SA98epzjN5RQPgZTefD2h1lyVZPQ7+TDAoGAIX7LZGDVCgBLQ9IBvBmF\nyZcviRhyjxP88dDgGVNgGzwyZU/SS8VAxXhsSZOpu1CoEDLL3R1XeDoI701+k6Kq\niEkaWakSWKWBnuJoz6WZZ2SrxTmiDT2vCyY9YiSRHavfpuOVrOWZD2g1BVFfML5u\nkkGdejlGGMnHtyJAi/jktH4=\n-----END PRIVATE KEY-----\n","clientEmail":"firebase-adminsdk-pdx5g@floristeria-cra.iam.gserviceaccount.com"},"httpClient":{"retry":{"maxRetries":4,"statusCodes":[503],"ioErrorCodes":["ECONNRESET","ETIMEDOUT"],"backOffFactor":0.5,"maxDelayInMillis":60000}}}}
[warn] ⚠  functions: The Cloud Firestore emulator is not running, so calls to Firestore will affect production.
[debug] [2019-12-09T20:16:03.246Z] [runtime-status] Trigger "getTypes" has been found, beginning invocation! {}
[info] i  functions: Beginning execution of "getTypes"
[debug] [2019-12-09T20:16:03.247Z] [runtime-status]  {"httpsTrigger":{},"name":"getTypes","entryPoint":"getTypes"}
[debug] [2019-12-09T20:16:03.247Z] [runtime-status] Running getTypes in mode HTTPS {}
[debug] [2019-12-09T20:16:03.254Z] {"socketPath":"/var/folders/_2/83l1l2991dd8tdy22qn7k_dr0000gn/T/firebase_emulator_invocation_75812.sock"}
[debug] [2019-12-09T20:16:03.256Z] [functions] Runtime ready! Sending request! {"socketPath":"/var/folders/_2/83l1l2991dd8tdy22qn7k_dr0000gn/T/firebase_emulator_invocation_75812.sock"}
[debug] [2019-12-09T20:16:03.264Z] [runtime-status] Ephemeral server used! {}
[debug] [2019-12-09T20:16:03.430Z] [runtime-status] Ephemeral server survived. {}
[warn] ⚠  Google API requested!
   - URL: "https://www.googleapis.com/oauth2/v4/token"
   - Be careful, this may be a production service.
[info] i  functions: Finished "getTypes" in ~1s
[debug] [2019-12-09T20:16:04.266Z] [worker-getTypes-f7be4a38-78e7-4ce0-8921-37ae5be65939]: IDLE
[debug] [2019-12-09T20:16:09.871Z] Accepted request POST /floristeria-cra/us-central1/getTypes --> getTypes
[debug] [2019-12-09T20:16:09.871Z] [worker-getTypes-f7be4a38-78e7-4ce0-8921-37ae5be65939]: BUSY
[debug] [2019-12-09T20:16:09.872Z] [runtime-status] Trigger "getTypes" has been found, beginning invocation! {}
[info] i  functions: Beginning execution of "getTypes"
[debug] [2019-12-09T20:16:09.872Z] [runtime-status]  {"httpsTrigger":{},"name":"getTypes","entryPoint":"getTypes"}
[debug] [2019-12-09T20:16:09.873Z] [runtime-status] Running getTypes in mode HTTPS {}
[debug] [2019-12-09T20:16:09.874Z] {"socketPath":"/var/folders/_2/83l1l2991dd8tdy22qn7k_dr0000gn/T/firebase_emulator_invocation_75812.sock"}
[debug] [2019-12-09T20:16:09.874Z] [functions] Runtime ready! Sending request! {"socketPath":"/var/folders/_2/83l1l2991dd8tdy22qn7k_dr0000gn/T/firebase_emulator_invocation_75812.sock"}
[debug] [2019-12-09T20:16:09.877Z] [runtime-status] Ephemeral server used! {}
[debug] [2019-12-09T20:16:09.878Z] [runtime-status] Ephemeral server survived. {}
[info] i  functions: Finished "getTypes" in ~1s
[debug] [2019-12-09T20:16:10.042Z] [worker-getTypes-f7be4a38-78e7-4ce0-8921-37ae5be65939]: IDLE
[debug] [2019-12-09T20:18:02.279Z] Accepted request POST /floristeria-cra/us-central1/getTypes --> getTypes
[debug] [2019-12-09T20:18:02.279Z] [worker-getTypes-f7be4a38-78e7-4ce0-8921-37ae5be65939]: BUSY
[debug] [2019-12-09T20:18:02.281Z] [runtime-status] Trigger "getTypes" has been found, beginning invocation! {}
[info] i  functions: Beginning execution of "getTypes"
[debug] [2019-12-09T20:18:02.282Z] [runtime-status]  {"httpsTrigger":{},"name":"getTypes","entryPoint":"getTypes"}
[debug] [2019-12-09T20:18:02.282Z] [runtime-status] Running getTypes in mode HTTPS {}
[debug] [2019-12-09T20:18:02.283Z] {"socketPath":"/var/folders/_2/83l1l2991dd8tdy22qn7k_dr0000gn/T/firebase_emulator_invocation_75812.sock"}
[debug] [2019-12-09T20:18:02.285Z] [functions] Runtime ready! Sending request! {"socketPath":"/var/folders/_2/83l1l2991dd8tdy22qn7k_dr0000gn/T/firebase_emulator_invocation_75812.sock"}
[debug] [2019-12-09T20:18:02.293Z] [runtime-status] Ephemeral server used! {}
[debug] [2019-12-09T20:18:02.293Z] [runtime-status] Ephemeral server survived. {}
[info] i  functions: Finished "getTypes" in ~1s
[debug] [2019-12-09T20:18:02.456Z] [worker-getTypes-f7be4a38-78e7-4ce0-8921-37ae5be65939]: IDLE
[debug] [2019-12-09T20:18:14.660Z] Accepted request POST /floristeria-cra/us-central1/getTypes --> getTypes
[debug] [2019-12-09T20:18:14.660Z] [worker-getTypes-f7be4a38-78e7-4ce0-8921-37ae5be65939]: BUSY
[debug] [2019-12-09T20:18:14.661Z] [runtime-status] Trigger "getTypes" has been found, beginning invocation! {}
[info] i  functions: Beginning execution of "getTypes"
[debug] [2019-12-09T20:18:14.662Z] [runtime-status]  {"httpsTrigger":{},"name":"getTypes","entryPoint":"getTypes"}
[debug] [2019-12-09T20:18:14.662Z] [runtime-status] Running getTypes in mode HTTPS {}
[debug] [2019-12-09T20:18:14.663Z] {"socketPath":"/var/folders/_2/83l1l2991dd8tdy22qn7k_dr0000gn/T/firebase_emulator_invocation_75812.sock"}
[debug] [2019-12-09T20:18:14.663Z] [functions] Runtime ready! Sending request! {"socketPath":"/var/folders/_2/83l1l2991dd8tdy22qn7k_dr0000gn/T/firebase_emulator_invocation_75812.sock"}
[debug] [2019-12-09T20:18:14.666Z] [runtime-status] Ephemeral server used! {}
[debug] [2019-12-09T20:18:14.667Z] [runtime-status] Ephemeral server survived. {}
[info] i  functions: Finished "getTypes" in ~1s
[debug] [2019-12-09T20:18:14.945Z] [worker-getTypes-f7be4a38-78e7-4ce0-8921-37ae5be65939]: IDLE
[debug] [2019-12-09T20:19:31.169Z] Accepted request POST /floristeria-cra/us-central1/getTypes --> getTypes
[debug] [2019-12-09T20:19:31.169Z] [worker-getTypes-f7be4a38-78e7-4ce0-8921-37ae5be65939]: BUSY
[debug] [2019-12-09T20:19:31.172Z] [runtime-status] Trigger "getTypes" has been found, beginning invocation! {}
[info] i  functions: Beginning execution of "getTypes"
[debug] [2019-12-09T20:19:31.172Z] [runtime-status]  {"httpsTrigger":{},"name":"getTypes","entryPoint":"getTypes"}
[debug] [2019-12-09T20:19:31.173Z] [runtime-status] Running getTypes in mode HTTPS {}
[debug] [2019-12-09T20:19:31.173Z] {"socketPath":"/var/folders/_2/83l1l2991dd8tdy22qn7k_dr0000gn/T/firebase_emulator_invocation_75812.sock"}
[debug] [2019-12-09T20:19:31.174Z] [functions] Runtime ready! Sending request! {"socketPath":"/var/folders/_2/83l1l2991dd8tdy22qn7k_dr0000gn/T/firebase_emulator_invocation_75812.sock"}
[debug] [2019-12-09T20:19:31.177Z] [runtime-status] Ephemeral server used! {}
[debug] [2019-12-09T20:19:31.178Z] [runtime-status] Ephemeral server survived. {}
[info] i  functions: Finished "getTypes" in ~1s
[debug] [2019-12-09T20:19:31.339Z] [worker-getTypes-f7be4a38-78e7-4ce0-8921-37ae5be65939]: IDLE
[debug] [2019-12-09T20:19:43.429Z] Accepted request POST /floristeria-cra/us-central1/getTypes --> getTypes
[debug] [2019-12-09T20:19:43.429Z] [worker-getTypes-f7be4a38-78e7-4ce0-8921-37ae5be65939]: BUSY
[debug] [2019-12-09T20:19:43.430Z] [runtime-status] Trigger "getTypes" has been found, beginning invocation! {}
[info] i  functions: Beginning execution of "getTypes"
[debug] [2019-12-09T20:19:43.430Z] [runtime-status]  {"httpsTrigger":{},"name":"getTypes","entryPoint":"getTypes"}
[debug] [2019-12-09T20:19:43.430Z] [runtime-status] Running getTypes in mode HTTPS {}
[debug] [2019-12-09T20:19:43.431Z] {"socketPath":"/var/folders/_2/83l1l2991dd8tdy22qn7k_dr0000gn/T/firebase_emulator_invocation_75812.sock"}
[debug] [2019-12-09T20:19:43.432Z] [functions] Runtime ready! Sending request! {"socketPath":"/var/folders/_2/83l1l2991dd8tdy22qn7k_dr0000gn/T/firebase_emulator_invocation_75812.sock"}
[debug] [2019-12-09T20:19:43.434Z] [runtime-status] Ephemeral server used! {}
[debug] [2019-12-09T20:19:43.435Z] [runtime-status] Ephemeral server survived. {}
[info] i  functions: Finished "getTypes" in ~1s
[debug] [2019-12-09T20:19:43.615Z] [worker-getTypes-f7be4a38-78e7-4ce0-8921-37ae5be65939]: IDLE
[debug] [2019-12-09T20:19:53.639Z] Accepted request POST /floristeria-cra/us-central1/getTypes --> getTypes
[debug] [2019-12-09T20:19:53.639Z] [worker-getTypes-f7be4a38-78e7-4ce0-8921-37ae5be65939]: BUSY
[debug] [2019-12-09T20:19:53.640Z] [runtime-status] Trigger "getTypes" has been found, beginning invocation! {}
[info] i  functions: Beginning execution of "getTypes"
[debug] [2019-12-09T20:19:53.642Z] [runtime-status]  {"httpsTrigger":{},"name":"getTypes","entryPoint":"getTypes"}
[debug] [2019-12-09T20:19:53.642Z] [runtime-status] Running getTypes in mode HTTPS {}
[debug] [2019-12-09T20:19:53.642Z] {"socketPath":"/var/folders/_2/83l1l2991dd8tdy22qn7k_dr0000gn/T/firebase_emulator_invocation_75812.sock"}
[debug] [2019-12-09T20:19:53.643Z] [functions] Runtime ready! Sending request! {"socketPath":"/var/folders/_2/83l1l2991dd8tdy22qn7k_dr0000gn/T/firebase_emulator_invocation_75812.sock"}
[debug] [2019-12-09T20:19:53.649Z] [runtime-status] Ephemeral server used! {}
[debug] [2019-12-09T20:19:53.651Z] [runtime-status] Ephemeral server survived. {}
[info] i  functions: Finished "getTypes" in ~1s
[debug] [2019-12-09T20:19:53.806Z] [worker-getTypes-f7be4a38-78e7-4ce0-8921-37ae5be65939]: IDLE
[debug] [2019-12-09T20:20:27.543Z] Accepted request POST /floristeria-cra/us-central1/getTypes --> getTypes
[debug] [2019-12-09T20:20:27.543Z] [worker-getTypes-f7be4a38-78e7-4ce0-8921-37ae5be65939]: BUSY
[debug] [2019-12-09T20:20:27.545Z] [runtime-status] Trigger "getTypes" has been found, beginning invocation! {}
[info] i  functions: Beginning execution of "getTypes"
[debug] [2019-12-09T20:20:27.546Z] [runtime-status]  {"httpsTrigger":{},"name":"getTypes","entryPoint":"getTypes"}
[debug] [2019-12-09T20:20:27.546Z] [runtime-status] Running getTypes in mode HTTPS {}
[debug] [2019-12-09T20:20:27.546Z] {"socketPath":"/var/folders/_2/83l1l2991dd8tdy22qn7k_dr0000gn/T/firebase_emulator_invocation_75812.sock"}
[debug] [2019-12-09T20:20:27.547Z] [functions] Runtime ready! Sending request! {"socketPath":"/var/folders/_2/83l1l2991dd8tdy22qn7k_dr0000gn/T/firebase_emulator_invocation_75812.sock"}
[debug] [2019-12-09T20:20:27.550Z] [runtime-status] Ephemeral server used! {}
[debug] [2019-12-09T20:20:27.550Z] [runtime-status] Ephemeral server survived. {}
[info] i  functions: Finished "getTypes" in ~1s
[debug] [2019-12-09T20:20:27.709Z] [worker-getTypes-f7be4a38-78e7-4ce0-8921-37ae5be65939]: IDLE
[debug] [2019-12-09T20:20:35.505Z] Accepted request POST /floristeria-cra/us-central1/getTypes --> getTypes
[debug] [2019-12-09T20:20:35.505Z] [worker-getTypes-f7be4a38-78e7-4ce0-8921-37ae5be65939]: BUSY
[debug] [2019-12-09T20:20:35.506Z] [runtime-status] Trigger "getTypes" has been found, beginning invocation! {}
[info] i  functions: Beginning execution of "getTypes"
[debug] [2019-12-09T20:20:35.507Z] [runtime-status]  {"httpsTrigger":{},"name":"getTypes","entryPoint":"getTypes"}
[debug] [2019-12-09T20:20:35.507Z] [runtime-status] Running getTypes in mode HTTPS {}
[debug] [2019-12-09T20:20:35.507Z] {"socketPath":"/var/folders/_2/83l1l2991dd8tdy22qn7k_dr0000gn/T/firebase_emulator_invocation_75812.sock"}
[debug] [2019-12-09T20:20:35.508Z] [functions] Runtime ready! Sending request! {"socketPath":"/var/folders/_2/83l1l2991dd8tdy22qn7k_dr0000gn/T/firebase_emulator_invocation_75812.sock"}
[debug] [2019-12-09T20:20:35.511Z] [runtime-status] Ephemeral server used! {}
[debug] [2019-12-09T20:20:35.512Z] [runtime-status] Ephemeral server survived. {}
[info] i  functions: Finished "getTypes" in ~1s
[debug] [2019-12-09T20:20:35.651Z] [worker-getTypes-f7be4a38-78e7-4ce0-8921-37ae5be65939]: IDLE
[debug] [2019-12-09T20:20:54.699Z] Accepted request POST /floristeria-cra/us-central1/getTypes --> getTypes
[debug] [2019-12-09T20:20:54.700Z] [worker-getTypes-f7be4a38-78e7-4ce0-8921-37ae5be65939]: BUSY
[debug] [2019-12-09T20:20:54.701Z] [runtime-status] Trigger "getTypes" has been found, beginning invocation! {}
[info] i  functions: Beginning execution of "getTypes"
[debug] [2019-12-09T20:20:54.701Z] [runtime-status]  {"httpsTrigger":{},"name":"getTypes","entryPoint":"getTypes"}
[debug] [2019-12-09T20:20:54.702Z] [runtime-status] Running getTypes in mode HTTPS {}
[debug] [2019-12-09T20:20:54.702Z] {"socketPath":"/var/folders/_2/83l1l2991dd8tdy22qn7k_dr0000gn/T/firebase_emulator_invocation_75812.sock"}
[debug] [2019-12-09T20:20:54.703Z] [functions] Runtime ready! Sending request! {"socketPath":"/var/folders/_2/83l1l2991dd8tdy22qn7k_dr0000gn/T/firebase_emulator_invocation_75812.sock"}
[debug] [2019-12-09T20:20:54.707Z] [runtime-status] Ephemeral server used! {}
[debug] [2019-12-09T20:20:54.707Z] [runtime-status] Ephemeral server survived. {}
[info] i  functions: Finished "getTypes" in ~1s
[debug] [2019-12-09T20:20:54.862Z] [worker-getTypes-f7be4a38-78e7-4ce0-8921-37ae5be65939]: IDLE
[debug] [2019-12-09T20:21:46.625Z] Accepted request POST /floristeria-cra/us-central1/getTypes --> getTypes
[debug] [2019-12-09T20:21:46.626Z] [worker-getTypes-f7be4a38-78e7-4ce0-8921-37ae5be65939]: BUSY
[debug] [2019-12-09T20:21:46.627Z] [runtime-status] Trigger "getTypes" has been found, beginning invocation! {}
[info] i  functions: Beginning execution of "getTypes"
[debug] [2019-12-09T20:21:46.627Z] [runtime-status]  {"httpsTrigger":{},"name":"getTypes","entryPoint":"getTypes"}
[debug] [2019-12-09T20:21:46.628Z] [runtime-status] Running getTypes in mode HTTPS {}
[debug] [2019-12-09T20:21:46.628Z] {"socketPath":"/var/folders/_2/83l1l2991dd8tdy22qn7k_dr0000gn/T/firebase_emulator_invocation_75812.sock"}
[debug] [2019-12-09T20:21:46.629Z] [functions] Runtime ready! Sending request! {"socketPath":"/var/folders/_2/83l1l2991dd8tdy22qn7k_dr0000gn/T/firebase_emulator_invocation_75812.sock"}
[debug] [2019-12-09T20:21:46.631Z] [runtime-status] Ephemeral server used! {}
[debug] [2019-12-09T20:21:46.631Z] [runtime-status] Ephemeral server survived. {}
[info] i  functions: Finished "getTypes" in ~1s
[debug] [2019-12-09T20:21:46.787Z] [worker-getTypes-f7be4a38-78e7-4ce0-8921-37ae5be65939]: IDLE
[debug] [2019-12-09T20:22:30.353Z] Accepted request POST /floristeria-cra/us-central1/getTypes --> getTypes
[debug] [2019-12-09T20:22:30.353Z] [worker-getTypes-f7be4a38-78e7-4ce0-8921-37ae5be65939]: BUSY
[debug] [2019-12-09T20:22:30.354Z] [runtime-status] Trigger "getTypes" has been found, beginning invocation! {}
[info] i  functions: Beginning execution of "getTypes"
[debug] [2019-12-09T20:22:30.355Z] [runtime-status]  {"httpsTrigger":{},"name":"getTypes","entryPoint":"getTypes"}
[debug] [2019-12-09T20:22:30.355Z] [runtime-status] Running getTypes in mode HTTPS {}
[debug] [2019-12-09T20:22:30.355Z] {"socketPath":"/var/folders/_2/83l1l2991dd8tdy22qn7k_dr0000gn/T/firebase_emulator_invocation_75812.sock"}
[debug] [2019-12-09T20:22:30.356Z] [functions] Runtime ready! Sending request! {"socketPath":"/var/folders/_2/83l1l2991dd8tdy22qn7k_dr0000gn/T/firebase_emulator_invocation_75812.sock"}
[debug] [2019-12-09T20:22:30.361Z] [runtime-status] Ephemeral server used! {}
[debug] [2019-12-09T20:22:30.362Z] [runtime-status] Ephemeral server survived. {}
[info] i  functions: Finished "getTypes" in ~1s
[debug] [2019-12-09T20:22:30.546Z] [worker-getTypes-f7be4a38-78e7-4ce0-8921-37ae5be65939]: IDLE
